INFO: [v++ 60-1306] Additional information associated with this v++ compile can be found at:
	Reports: /storage/local/data2/pharris/hls4ml_c_deepcalo_tmp7_ss_v8_v2/_x.hw.xilinx_u250_xdma_201830_2/reports/alveo_hls4ml
	Log files: /storage/local/data2/pharris/hls4ml_c_deepcalo_tmp7_ss_v8_v2/_x.hw.xilinx_u250_xdma_201830_2/logs/alveo_hls4ml
INFO: [v++ 60-1548] Creating build summary session with primary output /storage/local/data2/pharris/hls4ml_c_deepcalo_tmp7_ss_v8_v2/_x.hw.xilinx_u250_xdma_201830_2/alveo_hls4ml.xo.compile_summary, at Tue May 18 20:48:10 2021
INFO: [v++ 60-1316] Initiating connection to rulecheck server, at Tue May 18 20:48:10 2021
INFO: [v++ 60-1315] Creating rulecheck session with output '/storage/local/data2/pharris/hls4ml_c_deepcalo_tmp7_ss_v8_v2/_x.hw.xilinx_u250_xdma_201830_2/reports/alveo_hls4ml/v++_compile_alveo_hls4ml_guidance.html', at Tue May 18 20:48:11 2021
INFO: [v++ 60-895]   Target platform: /opt/xilinx/platforms/xilinx_u250_xdma_201830_2/xilinx_u250_xdma_201830_2.xpfm
INFO: [v++ 60-1578]   This platform contains Device Support Archive '/opt/xilinx/platforms/xilinx_u250_xdma_201830_2/hw/xilinx_u250_xdma_201830_2.dsa'
INFO: [v++ 60-585] Compiling for hardware target
INFO: [v++ 60-423]   Target device: xilinx_u250_xdma_201830_2
INFO: [v++ 60-242] Creating kernel: 'alveo_hls4ml'
INFO: [v++ 60-1616] Creating a HLS clock using kernel_frequency option: 200 MHz

===>The following messages were generated while  performing high-level synthesis for kernel: alveo_hls4ml Log file: /storage/local/data2/pharris/hls4ml_c_deepcalo_tmp7_ss_v8_v2/_x.hw.xilinx_u250_xdma_201830_2/alveo_hls4ml/alveo_hls4ml/vivado_hls.log :
INFO: [v++ 204-61] Option 'relax_ii_for_timing' is enabled, will increase II to preserve clock frequency constraints.
INFO: [v++ 204-61] Pipelining loop 'Loop 1'.
INFO: [v++ 204-61] Pipelining result : Target II = 1, Final II = 1, Depth = 12.
INFO: [v++ 204-61] Pipelining loop 'Loop 1'.
INFO: [v++ 204-61] Pipelining result : Target II = 1, Final II = 1, Depth = 12.
INFO: [v++ 204-61] Pipelining function 'upsampling2d_stream<ap_fixed<16, 6, 5, 3, 0>, ap_fixed<16, 6, 5, 3, 0>, config2>'.
INFO: [v++ 204-61] Pipelining result : Target II = 1, Final II = 5, Depth = 5.
INFO: [v++ 204-61] Pipelining loop 'Loop 1'.
INFO: [v++ 204-61] Pipelining result : Target II = 1, Final II = 5, Depth = 6.
INFO: [v++ 204-61] Pipelining function 'normalize_stream<ap_fixed,ap_fixed<16,6,5,3,0>,config3>.0.0'.
INFO: [v++ 204-61] Pipelining result : Target II = 1, Final II = 1, Depth = 4.
INFO: [v++ 204-61] Pipelining loop 'Loop 1'.
INFO: [v++ 204-61] Pipelining result : Target II = 1, Final II = 1, Depth = 5.
INFO: [v++ 204-61] Pipelining function 'cnnshift_arr<ap_fixed<16, 6, 5, 3, 0>, ap_fixed<16, 6, 5, 3, 0>, config4>'.
INFO: [v++ 204-61] Pipelining result : Target II = 1, Final II = 1, Depth = 1.
INFO: [v++ 204-61] Pipelining function 'product<ap_fixed,ap_fixed<16,6,5,3,0>,ap_fixed<16,6,5,3,0>>'.
INFO: [v++ 204-61] Pipelining result : Target II = 1, Final II = 1, Depth = 4.
INFO: [v++ 204-61] Pipelining function 'dense_large<ap_fixed<16, 6, 5, 3, 0>, ap_fixed<16, 6, 5, 3, 0>, config4_mult>'.
INFO: [v++ 204-61] Pipelining result : Target II = 5, Final II = 5, Depth = 12.
INFO: [v++ 204-61] Pipelining function 'conv_2d_large_cl_nopad_pad<ap_fixed,ap_fixed<16,6,5,3,0>,config4>'.
INFO: [v++ 204-61] Pipelining result : Target II = 5, Final II = 5, Depth = 15.
INFO: [v++ 204-61] Pipelining loop 'Loop 1'.
INFO: [v++ 204-61] Pipelining result : Target II = 5, Final II = 5, Depth = 16.
INFO: [v++ 204-61] Pipelining function 'cnnshift<ap_fixed<16, 6, 5, 3, 0>, ap_fixed<16, 6, 5, 3, 0>, config8>'.
INFO: [v++ 204-61] Pipelining result : Target II = 1, Final II = 1, Depth = 1.
INFO: [v++ 204-61] Pipelining function 'pool_op<ap_fixed<16, 6, 5, 3, 0>, 4, 0>'.
INFO: [v++ 204-61] Pipelining result : Target II = 1, Final II = 1, Depth = 4.
INFO: [v++ 204-61] Pipelining function 'pooling2d_cl<ap_fixed<16, 6, 5, 3, 0>, ap_fixed<16, 6, 5, 3, 0>, config8>'.
INFO: [v++ 204-61] Pipelining result : Target II = 1, Final II = 2, Depth = 9.
INFO: [v++ 204-61] Pipelining loop 'Loop 1'.
INFO: [v++ 204-61] Pipelining result : Target II = 1, Final II = 2, Depth = 10.
INFO: [v++ 204-61] Pipelining function 'cnnshift_arr<ap_fixed<16, 6, 5, 3, 0>, ap_fixed<16, 6, 5, 3, 0>, config9>'.
INFO: [v++ 204-61] Pipelining result : Target II = 1, Final II = 1, Depth = 1.
INFO: [v++ 204-61] Pipelining loop 'Loop 1'.
INFO: [v++ 204-61] Pipelining result : Target II = 1, Final II = 1, Depth = 7.
INFO: [v++ 204-61] Pipelining loop 'Loop 1'.
INFO: [v++ 204-61] Pipelining result : Target II = 1, Final II = 1, Depth = 2.
INFO: [v++ 204-61] Pipelining function 'cnnshift_arr<ap_fixed<16, 6, 5, 3, 0>, ap_fixed<16, 6, 5, 3, 0>, config13>'.
INFO: [v++ 204-61] Pipelining result : Target II = 1, Final II = 1, Depth = 1.
INFO: [v++ 204-61] Pipelining loop 'Loop 1'.
INFO: [v++ 204-61] Pipelining result : Target II = 1, Final II = 1, Depth = 7.
INFO: [v++ 204-61] Pipelining loop 'Loop 1'.
INFO: [v++ 204-61] Pipelining result : Target II = 1, Final II = 1, Depth = 2.
INFO: [v++ 204-61] Pipelining function 'cnnshift<ap_fixed<16, 6, 5, 3, 0>, ap_fixed<16, 6, 5, 3, 0>, config17>'.
INFO: [v++ 204-61] Pipelining result : Target II = 1, Final II = 1, Depth = 1.
INFO: [v++ 204-61] Pipelining function 'pooling2d_cl<ap_fixed<16, 6, 5, 3, 0>, ap_fixed<16, 6, 5, 3, 0>, config17>'.
INFO: [v++ 204-61] Pipelining result : Target II = 1, Final II = 2, Depth = 9.
INFO: [v++ 204-61] Pipelining loop 'Loop 1'.
INFO: [v++ 204-61] Pipelining result : Target II = 1, Final II = 2, Depth = 10.
INFO: [v++ 204-61] Pipelining function 'cnnshift_arr<ap_fixed<16, 6, 5, 3, 0>, ap_fixed<16, 6, 5, 3, 0>, config18>'.
INFO: [v++ 204-61] Pipelining result : Target II = 1, Final II = 1, Depth = 1.
INFO: [v++ 204-61] Pipelining loop 'Loop 1'.
INFO: [v++ 204-61] Pipelining result : Target II = 1, Final II = 1, Depth = 7.
INFO: [v++ 204-61] Pipelining loop 'Loop 1'.
INFO: [v++ 204-61] Pipelining result : Target II = 1, Final II = 1, Depth = 2.
INFO: [v++ 204-61] Pipelining function 'cnnshift_arr<ap_fixed<16, 6, 5, 3, 0>, ap_fixed<16, 6, 5, 3, 0>, config22>'.
INFO: [v++ 204-61] Pipelining result : Target II = 1, Final II = 1, Depth = 1.
INFO: [v++ 204-61] Pipelining loop 'Loop 1'.
INFO: [v++ 204-61] Pipelining result : Target II = 1, Final II = 1, Depth = 7.
INFO: [v++ 204-61] Pipelining loop 'Loop 1'.
INFO: [v++ 204-61] Pipelining result : Target II = 1, Final II = 1, Depth = 2.
INFO: [v++ 204-61] Pipelining function 'cnnshift<ap_fixed<16, 6, 5, 3, 0>, ap_fixed<16, 6, 5, 3, 0>, config26>'.
INFO: [v++ 204-61] Pipelining result : Target II = 1, Final II = 1, Depth = 1.
INFO: [v++ 204-61] Pipelining function 'pooling2d_cl_ss<ap_fixed<16, 6, 5, 3, 0>, ap_fixed<16, 6, 5, 3, 0>, config26>'.
INFO: [v++ 204-61] Pipelining result : Target II = 1, Final II = 65, Depth = 135.
INFO: [v++ 204-61] Pipelining loop 'Loop 1'.
INFO: [v++ 204-61] Pipelining result : Target II = 1, Final II = 65, Depth = 136.
INFO: [v++ 204-61] Pipelining function 'cnnshift_arr<ap_fixed<16, 6, 5, 3, 0>, ap_fixed<16, 6, 5, 3, 0>, config27>'.
INFO: [v++ 204-61] Pipelining result : Target II = 1, Final II = 1, Depth = 1.
INFO: [v++ 204-61] Pipelining loop 'Loop 1'.
INFO: [v++ 204-61] Pipelining result : Target II = 1, Final II = 1, Depth = 7.
INFO: [v++ 204-61] Pipelining loop 'Loop 1'.
INFO: [v++ 204-61] Pipelining result : Target II = 1, Final II = 1, Depth = 2.
INFO: [v++ 204-61] Pipelining function 'cnnshift_arr<ap_fixed<16, 6, 5, 3, 0>, ap_fixed<16, 6, 5, 3, 0>, config31>'.
INFO: [v++ 204-61] Pipelining result : Target II = 1, Final II = 1, Depth = 1.
INFO: [v++ 204-61] Pipelining loop 'Loop 1'.
INFO: [v++ 204-61] Pipelining result : Target II = 1, Final II = 1, Depth = 7.
INFO: [v++ 204-61] Pipelining loop 'Loop 1'.
INFO: [v++ 204-61] Pipelining result : Target II = 1, Final II = 1, Depth = 2.
INFO: [v++ 204-61] Pipelining function 'cnnshift<ap_fixed<16, 6, 5, 3, 0>, ap_fixed<16, 6, 5, 3, 0>, config35>'.
INFO: [v++ 204-61] Pipelining result : Target II = 1, Final II = 1, Depth = 1.
INFO: [v++ 204-61] Pipelining function 'pooling2d_cl_ss<ap_fixed<16, 6, 5, 3, 0>, ap_fixed<16, 6, 5, 3, 0>, config35>'.
INFO: [v++ 204-61] Pipelining result : Target II = 1, Final II = 129, Depth = 263.
INFO: [v++ 204-61] Pipelining loop 'Loop 1'.
INFO: [v++ 204-61] Pipelining result : Target II = 1, Final II = 129, Depth = 264.
INFO: [v++ 204-61] Pipelining function 'cnnshift_arr<ap_fixed<16, 6, 5, 3, 0>, ap_fixed<16, 6, 5, 3, 0>, config36>'.
INFO: [v++ 204-61] Pipelining result : Target II = 1, Final II = 1, Depth = 1.
INFO: [v++ 204-61] Pipelining loop 'Loop 1'.
INFO: [v++ 204-61] Pipelining result : Target II = 1, Final II = 1, Depth = 7.
INFO: [v++ 204-61] Pipelining loop 'Loop 1'.
INFO: [v++ 204-61] Pipelining result : Target II = 1, Final II = 1, Depth = 2.
INFO: [v++ 204-61] Pipelining function 'cnnshift_arr<ap_fixed<16, 6, 5, 3, 0>, ap_fixed<16, 6, 5, 3, 0>, config40>'.
INFO: [v++ 204-61] Pipelining result : Target II = 1, Final II = 1, Depth = 1.
INFO: [v++ 204-61] Pipelining loop 'Loop 1'.
INFO: [v++ 204-61] Pipelining result : Target II = 1, Final II = 1, Depth = 7.
INFO: [v++ 204-61] Pipelining loop 'Loop 1'.
INFO: [v++ 204-61] Pipelining result : Target II = 1, Final II = 1, Depth = 2.
INFO: [v++ 204-61] Pipelining loop 'Loop 1'.
INFO: [v++ 204-61] Pipelining result : Target II = 1, Final II = 1, Depth = 7.
INFO: [v++ 204-61] Pipelining loop 'Loop 1'.
INFO: [v++ 17-14] Message 'v++ 204-61' appears 100 times and further instances of the messages will be disabled.
INFO: [v++ 200-790] **** Loop Constraint Status: All loop constraints were satisfied.
INFO: [v++ 200-789] **** Estimated Fmax: 338.52 MHz
INFO: [v++ 60-594] Finished kernel compilation
INFO: [v++ 60-244] Generating system estimate report...
INFO: [v++ 60-1092] Generated system estimate report: /storage/local/data2/pharris/hls4ml_c_deepcalo_tmp7_ss_v8_v2/_x.hw.xilinx_u250_xdma_201830_2/reports/alveo_hls4ml/system_estimate_alveo_hls4ml.xtxt
INFO: [v++ 60-586] Created _x.hw.xilinx_u250_xdma_201830_2/alveo_hls4ml.xo
INFO: [v++ 60-791] Total elapsed time: 4h 54m 10s
