INFO: [v++ 60-1306] Additional information associated with this v++ link can be found at:
	Reports: /storage/local/data2/pharris/hls4ml_c_deepcalo_tmp7_ss_v8_v2/build_dir.hw.xilinx_u250_xdma_201830_2/reports/link
	Log files: /storage/local/data2/pharris/hls4ml_c_deepcalo_tmp7_ss_v8_v2/build_dir.hw.xilinx_u250_xdma_201830_2/logs/link
INFO: [v++ 60-1548] Creating build summary session with primary output /storage/local/data2/pharris/hls4ml_c_deepcalo_tmp7_ss_v8_v2/build_dir.hw.xilinx_u250_xdma_201830_2/alveo_hls4ml.xclbin.link_summary, at Wed May 19 01:42:23 2021
INFO: [v++ 60-1316] Initiating connection to rulecheck server, at Wed May 19 01:42:23 2021
INFO: [v++ 60-1315] Creating rulecheck session with output '/storage/local/data2/pharris/hls4ml_c_deepcalo_tmp7_ss_v8_v2/build_dir.hw.xilinx_u250_xdma_201830_2/reports/link/v++_link_alveo_hls4ml_guidance.html', at Wed May 19 01:42:25 2021
INFO: [v++ 60-895]   Target platform: /opt/xilinx/platforms/xilinx_u250_xdma_201830_2/xilinx_u250_xdma_201830_2.xpfm
INFO: [v++ 60-1578]   This platform contains Device Support Archive '/opt/xilinx/platforms/xilinx_u250_xdma_201830_2/hw/xilinx_u250_xdma_201830_2.dsa'
INFO: [v++ 60-629] Linking for hardware target
INFO: [v++ 60-423]   Target device: xilinx_u250_xdma_201830_2
INFO: [v++ 60-1332] Run 'run_link' status: Not started
INFO: [v++ 60-1443] [01:42:36] Run run_link: Step system_link: Started
INFO: [v++ 60-1453] Command Line: system_link --xo /storage/local/data2/pharris/hls4ml_c_deepcalo_tmp7_ss_v8_v2/_x.hw.xilinx_u250_xdma_201830_2/alveo_hls4ml.xo -keep --config /storage/local/data2/pharris/hls4ml_c_deepcalo_tmp7_ss_v8_v2/build_dir.hw.xilinx_u250_xdma_201830_2/link/int/syslinkConfig.ini --xpfm /opt/xilinx/platforms/xilinx_u250_xdma_201830_2/xilinx_u250_xdma_201830_2.xpfm --target hw --output_dir /storage/local/data2/pharris/hls4ml_c_deepcalo_tmp7_ss_v8_v2/build_dir.hw.xilinx_u250_xdma_201830_2/link/int --temp_dir /storage/local/data2/pharris/hls4ml_c_deepcalo_tmp7_ss_v8_v2/build_dir.hw.xilinx_u250_xdma_201830_2/link/sys_link
INFO: [v++ 60-1454] Run Directory: /storage/local/data2/pharris/hls4ml_c_deepcalo_tmp7_ss_v8_v2/build_dir.hw.xilinx_u250_xdma_201830_2/link/run_link
INFO: [SYSTEM_LINK 82-76] Reading emulation BD and HPFM information
INFO: [SYSTEM_LINK 60-1316] Initiating connection to rulecheck server, at Wed May 19 01:42:38 2021
INFO: [SYSTEM_LINK 82-70] Extracting xo v3 file /storage/local/data2/pharris/hls4ml_c_deepcalo_tmp7_ss_v8_v2/_x.hw.xilinx_u250_xdma_201830_2/alveo_hls4ml.xo
INFO: [KernelCheck 83-118] 'alveo_hls4ml' kernel.xml and component.xml caseness discrepency is being corrected, S_AXI_CONTROL is being replaced by s_axi_control
INFO: [KernelCheck 83-118] 'in' kernel.xml and component.xml caseness discrepency is being corrected, S_AXI_CONTROL is being replaced by s_axi_control
INFO: [KernelCheck 83-118] 'in_weights4' kernel.xml and component.xml caseness discrepency is being corrected, S_AXI_CONTROL is being replaced by s_axi_control
INFO: [KernelCheck 83-118] 'in_weights5' kernel.xml and component.xml caseness discrepency is being corrected, S_AXI_CONTROL is being replaced by s_axi_control
INFO: [KernelCheck 83-118] 'out' kernel.xml and component.xml caseness discrepency is being corrected, S_AXI_CONTROL is being replaced by s_axi_control
INFO: [SYSTEM_LINK 82-53] Creating IP database /storage/local/data2/pharris/hls4ml_c_deepcalo_tmp7_ss_v8_v2/build_dir.hw.xilinx_u250_xdma_201830_2/link/sys_link/_sysl/.cdb/xd_ip_db.xml
INFO: [SYSTEM_LINK 82-38] [01:42:39] build_xd_ip_db started: /tools/xilinx/Vitis/2019.2/bin/build_xd_ip_db -ip_search 0  -sds-pf /storage/local/data2/pharris/hls4ml_c_deepcalo_tmp7_ss_v8_v2/build_dir.hw.xilinx_u250_xdma_201830_2/link/sys_link/xilinx_u250_xdma_201830_2.hpfm -clkid 0 -ip /storage/local/data2/pharris/hls4ml_c_deepcalo_tmp7_ss_v8_v2/build_dir.hw.xilinx_u250_xdma_201830_2/link/sys_link/iprepo/xilinx_com_hls_alveo_hls4ml_1_0,alveo_hls4ml -o /storage/local/data2/pharris/hls4ml_c_deepcalo_tmp7_ss_v8_v2/build_dir.hw.xilinx_u250_xdma_201830_2/link/sys_link/_sysl/.cdb/xd_ip_db.xml
INFO: [SYSTEM_LINK 82-37] [01:42:45] build_xd_ip_db finished successfully
Time (s): cpu = 00:00:05 ; elapsed = 00:00:06 . Memory (MB): peak = 296.129 ; gain = 0.000 ; free physical = 115669 ; free virtual = 149398
INFO: [SYSTEM_LINK 82-51] Create system connectivity graph
INFO: [SYSTEM_LINK 82-102] Applying explicit connections to the system connectivity graph: /storage/local/data2/pharris/hls4ml_c_deepcalo_tmp7_ss_v8_v2/build_dir.hw.xilinx_u250_xdma_201830_2/link/sys_link/cfgraph/cfgen_cfgraph.xml
INFO: [SYSTEM_LINK 82-38] [01:42:45] cfgen started: /tools/xilinx/Vitis/2019.2/bin/cfgen  -nk alveo_hls4ml:1:alveo_hls4ml_0 -sp alveo_hls4ml_0.m_axi_gmem:bank0 -dmclkid 0 -r /storage/local/data2/pharris/hls4ml_c_deepcalo_tmp7_ss_v8_v2/build_dir.hw.xilinx_u250_xdma_201830_2/link/sys_link/_sysl/.cdb/xd_ip_db.xml -o /storage/local/data2/pharris/hls4ml_c_deepcalo_tmp7_ss_v8_v2/build_dir.hw.xilinx_u250_xdma_201830_2/link/sys_link/cfgraph/cfgen_cfgraph.xml
INFO: [CFGEN 83-0] Kernel Specs: 
INFO: [CFGEN 83-0]   kernel: alveo_hls4ml, num: 1  {alveo_hls4ml_0}
INFO: [CFGEN 83-0] Port Specs: 
INFO: [CFGEN 83-0]   kernel: alveo_hls4ml_0, k_port: m_axi_gmem, sptag: bank0
WARNING: [CFGEN 83-1028] Per-segment SP Tags are deprecated when in the presences of ranged SP Tags.
WARNING: [CFGEN 83-1028] SP Tag 'bank0' is being remapped to 'DDR[0]'.
INFO: [CFGEN 83-2228] Creating mapping for argument alveo_hls4ml_0.in to bank0 for directive alveo_hls4ml_0.m_axi_gmem:bank0
WARNING: [CFGEN 83-1028] Per-segment SP Tags are deprecated when in the presences of ranged SP Tags.
WARNING: [CFGEN 83-1028] SP Tag 'bank0' is being remapped to 'DDR[0]'.
INFO: [CFGEN 83-2228] Creating mapping for argument alveo_hls4ml_0.in_weights4 to bank0 for directive alveo_hls4ml_0.m_axi_gmem:bank0
WARNING: [CFGEN 83-1028] Per-segment SP Tags are deprecated when in the presences of ranged SP Tags.
WARNING: [CFGEN 83-1028] SP Tag 'bank0' is being remapped to 'DDR[0]'.
INFO: [CFGEN 83-2228] Creating mapping for argument alveo_hls4ml_0.in_weights5 to bank0 for directive alveo_hls4ml_0.m_axi_gmem:bank0
WARNING: [CFGEN 83-1028] Per-segment SP Tags are deprecated when in the presences of ranged SP Tags.
WARNING: [CFGEN 83-1028] SP Tag 'bank0' is being remapped to 'DDR[0]'.
INFO: [CFGEN 83-2228] Creating mapping for argument alveo_hls4ml_0.out to bank0 for directive alveo_hls4ml_0.m_axi_gmem:bank0
INFO: [SYSTEM_LINK 82-37] [01:42:49] cfgen finished successfully
Time (s): cpu = 00:00:04 ; elapsed = 00:00:04 . Memory (MB): peak = 296.129 ; gain = 0.000 ; free physical = 115626 ; free virtual = 149355
INFO: [SYSTEM_LINK 82-52] Create top-level block diagram
INFO: [SYSTEM_LINK 82-38] [01:42:49] cf2bd started: /tools/xilinx/Vitis/2019.2/bin/cf2bd  --linux --trace_buffer 1024 --input_file /storage/local/data2/pharris/hls4ml_c_deepcalo_tmp7_ss_v8_v2/build_dir.hw.xilinx_u250_xdma_201830_2/link/sys_link/cfgraph/cfgen_cfgraph.xml --ip_db /storage/local/data2/pharris/hls4ml_c_deepcalo_tmp7_ss_v8_v2/build_dir.hw.xilinx_u250_xdma_201830_2/link/sys_link/_sysl/.cdb/xd_ip_db.xml --cf_name dr --working_dir /storage/local/data2/pharris/hls4ml_c_deepcalo_tmp7_ss_v8_v2/build_dir.hw.xilinx_u250_xdma_201830_2/link/sys_link/_sysl/.xsd --temp_dir /storage/local/data2/pharris/hls4ml_c_deepcalo_tmp7_ss_v8_v2/build_dir.hw.xilinx_u250_xdma_201830_2/link/sys_link --output_dir /storage/local/data2/pharris/hls4ml_c_deepcalo_tmp7_ss_v8_v2/build_dir.hw.xilinx_u250_xdma_201830_2/link/int --target_bd pfm_dynamic.bd
INFO: [CF2BD 82-31] Launching cf2xd: cf2xd -linux -trace-buffer 1024 -i /storage/local/data2/pharris/hls4ml_c_deepcalo_tmp7_ss_v8_v2/build_dir.hw.xilinx_u250_xdma_201830_2/link/sys_link/cfgraph/cfgen_cfgraph.xml -r /storage/local/data2/pharris/hls4ml_c_deepcalo_tmp7_ss_v8_v2/build_dir.hw.xilinx_u250_xdma_201830_2/link/sys_link/_sysl/.cdb/xd_ip_db.xml -o dr.xml
INFO: [CF2BD 82-28] cf2xd finished successfully
INFO: [CF2BD 82-31] Launching cf_xsd: cf_xsd -disable-address-gen -bd pfm_dynamic.bd -dn dr -dp /storage/local/data2/pharris/hls4ml_c_deepcalo_tmp7_ss_v8_v2/build_dir.hw.xilinx_u250_xdma_201830_2/link/sys_link/_sysl/.xsd
INFO: [CF2BD 82-28] cf_xsd finished successfully
INFO: [SYSTEM_LINK 82-37] [01:42:52] cf2bd finished successfully
Time (s): cpu = 00:00:03 ; elapsed = 00:00:03 . Memory (MB): peak = 296.129 ; gain = 0.000 ; free physical = 115560 ; free virtual = 149293
INFO: [v++ 60-1441] [01:42:52] Run run_link: Step system_link: Completed
Time (s): cpu = 00:00:14 ; elapsed = 00:00:16 . Memory (MB): peak = 719.203 ; gain = 0.000 ; free physical = 115578 ; free virtual = 149311
INFO: [v++ 60-1443] [01:42:52] Run run_link: Step cf2sw: Started
INFO: [v++ 60-1453] Command Line: cf2sw -sdsl /storage/local/data2/pharris/hls4ml_c_deepcalo_tmp7_ss_v8_v2/build_dir.hw.xilinx_u250_xdma_201830_2/link/int/sdsl.dat -rtd /storage/local/data2/pharris/hls4ml_c_deepcalo_tmp7_ss_v8_v2/build_dir.hw.xilinx_u250_xdma_201830_2/link/int/cf2sw.rtd -xclbin /storage/local/data2/pharris/hls4ml_c_deepcalo_tmp7_ss_v8_v2/build_dir.hw.xilinx_u250_xdma_201830_2/link/int/xclbin_orig.xml -o /storage/local/data2/pharris/hls4ml_c_deepcalo_tmp7_ss_v8_v2/build_dir.hw.xilinx_u250_xdma_201830_2/link/int/xclbin_orig.1.xml
INFO: [v++ 60-1454] Run Directory: /storage/local/data2/pharris/hls4ml_c_deepcalo_tmp7_ss_v8_v2/build_dir.hw.xilinx_u250_xdma_201830_2/link/run_link
INFO: [v++ 60-1441] [01:42:54] Run run_link: Step cf2sw: Completed
Time (s): cpu = 00:00:02 ; elapsed = 00:00:02 . Memory (MB): peak = 719.203 ; gain = 0.000 ; free physical = 115578 ; free virtual = 149314
INFO: [v++ 60-1443] [01:42:54] Run run_link: Step rtd2_system_diagram: Started
INFO: [v++ 60-1453] Command Line: rtd2SystemDiagram --rtdJsonFileName /storage/local/data2/pharris/hls4ml_c_deepcalo_tmp7_ss_v8_v2/build_dir.hw.xilinx_u250_xdma_201830_2/link/int/cf2sw.rtd --diagramJsonFileName /storage/local/data2/pharris/hls4ml_c_deepcalo_tmp7_ss_v8_v2/build_dir.hw.xilinx_u250_xdma_201830_2/link/int/systemDiagramModel.json --platformFilePath /opt/xilinx/platforms/xilinx_u250_xdma_201830_2/xilinx_u250_xdma_201830_2.xpfm --generatedByName v++ --generatedByVersion 2019.2 --generatedByChangeList 2700185 --generatedByTimeStamp Thu Oct 24 18:45:48 MDT 2019 --generatedByOptions /tools/xilinx/Vitis/2019.2/bin/unwrapped/lnx64.o/v++ -t hw --platform xilinx_u250_xdma_201830_2 --save-temps --temp_dir ./build_dir.hw.xilinx_u250_xdma_201830_2 -l -obuild_dir.hw.xilinx_u250_xdma_201830_2/alveo_hls4ml.xclbin _x.hw.xilinx_u250_xdma_201830_2/alveo_hls4ml.xo --config config.ini --kernel_frequency 200  --generatedByXclbinName alveo_hls4ml --kernelInfoDataFileName /storage/local/data2/pharris/hls4ml_c_deepcalo_tmp7_ss_v8_v2/build_dir.hw.xilinx_u250_xdma_201830_2/link/int/kernel_info.dat
INFO: [v++ 60-1454] Run Directory: /storage/local/data2/pharris/hls4ml_c_deepcalo_tmp7_ss_v8_v2/build_dir.hw.xilinx_u250_xdma_201830_2/link/run_link
INFO: [v++ 60-839] Read in kernel information from file '/storage/local/data2/pharris/hls4ml_c_deepcalo_tmp7_ss_v8_v2/build_dir.hw.xilinx_u250_xdma_201830_2/link/int/kernel_info.dat'.
WARNING: [v++ 82-158] Unable to populate kernel available resources DSP entry.
INFO: [v++ 60-1441] [01:42:57] Run run_link: Step rtd2_system_diagram: Completed
Time (s): cpu = 00:00:02 ; elapsed = 00:00:03 . Memory (MB): peak = 719.203 ; gain = 0.000 ; free physical = 115709 ; free virtual = 149444
INFO: [v++ 60-1443] [01:42:57] Run run_link: Step vpl: Started
INFO: [v++ 60-1453] Command Line: vpl -t hw -f xilinx_u250_xdma_201830_2 --kernel_frequency 200 -s --output_dir /storage/local/data2/pharris/hls4ml_c_deepcalo_tmp7_ss_v8_v2/build_dir.hw.xilinx_u250_xdma_201830_2/link/int --log_dir /storage/local/data2/pharris/hls4ml_c_deepcalo_tmp7_ss_v8_v2/build_dir.hw.xilinx_u250_xdma_201830_2/logs/link --report_dir /storage/local/data2/pharris/hls4ml_c_deepcalo_tmp7_ss_v8_v2/build_dir.hw.xilinx_u250_xdma_201830_2/reports/link --config /storage/local/data2/pharris/hls4ml_c_deepcalo_tmp7_ss_v8_v2/build_dir.hw.xilinx_u250_xdma_201830_2/link/int/vplConfig.ini -k /storage/local/data2/pharris/hls4ml_c_deepcalo_tmp7_ss_v8_v2/build_dir.hw.xilinx_u250_xdma_201830_2/link/int/kernel_info.dat --webtalk_flag Vitis --temp_dir /storage/local/data2/pharris/hls4ml_c_deepcalo_tmp7_ss_v8_v2/build_dir.hw.xilinx_u250_xdma_201830_2/link --no-info --tlog_dir /storage/local/data2/pharris/hls4ml_c_deepcalo_tmp7_ss_v8_v2/build_dir.hw.xilinx_u250_xdma_201830_2/.tlog/v++_link_alveo_hls4ml --iprepo /storage/local/data2/pharris/hls4ml_c_deepcalo_tmp7_ss_v8_v2/build_dir.hw.xilinx_u250_xdma_201830_2/link/int/xo/ip_repo/xilinx_com_hls_alveo_hls4ml_1_0 --messageDb /storage/local/data2/pharris/hls4ml_c_deepcalo_tmp7_ss_v8_v2/build_dir.hw.xilinx_u250_xdma_201830_2/link/run_link/vpl.pb /storage/local/data2/pharris/hls4ml_c_deepcalo_tmp7_ss_v8_v2/build_dir.hw.xilinx_u250_xdma_201830_2/link/int/dr.bd.tcl
INFO: [v++ 60-1454] Run Directory: /storage/local/data2/pharris/hls4ml_c_deepcalo_tmp7_ss_v8_v2/build_dir.hw.xilinx_u250_xdma_201830_2/link/run_link

****** vpl v2019.2 (64-bit)
  **** SW Build 2700185 on Thu Oct 24 18:45:48 MDT 2019
    ** Copyright 1986-2019 Xilinx, Inc. All Rights Reserved.

INFO: [VPL 60-839] Read in kernel information from file '/storage/local/data2/pharris/hls4ml_c_deepcalo_tmp7_ss_v8_v2/build_dir.hw.xilinx_u250_xdma_201830_2/link/int/kernel_info.dat'.
INFO: [VPL 60-423]   Target device: xilinx_u250_xdma_201830_2
INFO: [VPL 60-1032] Extracting hardware platform to /storage/local/data2/pharris/hls4ml_c_deepcalo_tmp7_ss_v8_v2/build_dir.hw.xilinx_u250_xdma_201830_2/link/vivado/vpl/.local/hw_platform
[01:43:27] Run vpl: Step create_project: Started
Creating Vivado project.
[01:43:31] Run vpl: Step create_project: Completed
[01:43:31] Run vpl: Step create_bd: Started
[01:44:49] Run vpl: Step create_bd: RUNNING...
[01:45:07] Run vpl: Step create_bd: Completed
[01:45:07] Run vpl: Step update_bd: Started
[01:45:11] Run vpl: Step update_bd: Completed
[01:45:11] Run vpl: Step generate_target: Started
[01:46:27] Run vpl: Step generate_target: RUNNING...
[01:47:40] Run vpl: Step generate_target: Completed
[01:47:40] Run vpl: Step config_hw_runs: Started
[01:47:51] Run vpl: Step config_hw_runs: Completed
[01:47:51] Run vpl: Step synth: Started
[01:48:52] Block-level synthesis in progress, 0 of 83 jobs complete, 8 jobs running.
[01:49:23] Block-level synthesis in progress, 0 of 83 jobs complete, 8 jobs running.
[01:49:53] Block-level synthesis in progress, 0 of 83 jobs complete, 8 jobs running.
[01:50:24] Block-level synthesis in progress, 0 of 83 jobs complete, 8 jobs running.
[01:50:54] Block-level synthesis in progress, 0 of 83 jobs complete, 8 jobs running.
[01:51:24] Block-level synthesis in progress, 0 of 83 jobs complete, 8 jobs running.
[01:51:55] Block-level synthesis in progress, 7 of 83 jobs complete, 1 job running.
[01:52:26] Block-level synthesis in progress, 8 of 83 jobs complete, 7 jobs running.
[01:52:56] Block-level synthesis in progress, 9 of 83 jobs complete, 7 jobs running.
[01:53:27] Block-level synthesis in progress, 9 of 83 jobs complete, 8 jobs running.
[01:53:57] Block-level synthesis in progress, 9 of 83 jobs complete, 8 jobs running.
[01:54:27] Block-level synthesis in progress, 9 of 83 jobs complete, 8 jobs running.
[01:54:58] Block-level synthesis in progress, 9 of 83 jobs complete, 8 jobs running.
[01:55:28] Block-level synthesis in progress, 14 of 83 jobs complete, 3 jobs running.
[01:55:59] Block-level synthesis in progress, 15 of 83 jobs complete, 7 jobs running.
[01:56:29] Block-level synthesis in progress, 17 of 83 jobs complete, 6 jobs running.
[01:57:00] Block-level synthesis in progress, 17 of 83 jobs complete, 8 jobs running.
[01:57:30] Block-level synthesis in progress, 17 of 83 jobs complete, 8 jobs running.
[01:58:01] Block-level synthesis in progress, 17 of 83 jobs complete, 8 jobs running.
[01:58:31] Block-level synthesis in progress, 17 of 83 jobs complete, 8 jobs running.
[01:59:02] Block-level synthesis in progress, 18 of 83 jobs complete, 7 jobs running.
[01:59:32] Block-level synthesis in progress, 20 of 83 jobs complete, 8 jobs running.
[02:00:03] Block-level synthesis in progress, 23 of 83 jobs complete, 5 jobs running.
[02:00:33] Block-level synthesis in progress, 24 of 83 jobs complete, 7 jobs running.
[02:01:04] Block-level synthesis in progress, 24 of 83 jobs complete, 8 jobs running.
[02:01:35] Block-level synthesis in progress, 24 of 83 jobs complete, 8 jobs running.
[02:02:05] Block-level synthesis in progress, 24 of 83 jobs complete, 8 jobs running.
[02:02:36] Block-level synthesis in progress, 24 of 83 jobs complete, 8 jobs running.
[02:03:07] Block-level synthesis in progress, 28 of 83 jobs complete, 6 jobs running.
[02:03:37] Block-level synthesis in progress, 30 of 83 jobs complete, 6 jobs running.
[02:04:08] Block-level synthesis in progress, 34 of 83 jobs complete, 5 jobs running.
[02:04:39] Block-level synthesis in progress, 34 of 83 jobs complete, 8 jobs running.
[02:05:09] Block-level synthesis in progress, 34 of 83 jobs complete, 8 jobs running.
[02:05:40] Block-level synthesis in progress, 34 of 83 jobs complete, 8 jobs running.
[02:06:11] Block-level synthesis in progress, 34 of 83 jobs complete, 8 jobs running.
[02:06:42] Block-level synthesis in progress, 37 of 83 jobs complete, 5 jobs running.
[02:07:12] Block-level synthesis in progress, 38 of 83 jobs complete, 7 jobs running.
[02:07:43] Block-level synthesis in progress, 43 of 83 jobs complete, 4 jobs running.
[02:08:14] Block-level synthesis in progress, 45 of 83 jobs complete, 6 jobs running.
[02:08:44] Block-level synthesis in progress, 45 of 83 jobs complete, 8 jobs running.
[02:09:15] Block-level synthesis in progress, 45 of 83 jobs complete, 8 jobs running.
[02:09:46] Block-level synthesis in progress, 45 of 83 jobs complete, 8 jobs running.
[02:10:16] Block-level synthesis in progress, 46 of 83 jobs complete, 7 jobs running.
[02:10:47] Block-level synthesis in progress, 46 of 83 jobs complete, 8 jobs running.
[02:11:18] Block-level synthesis in progress, 49 of 83 jobs complete, 5 jobs running.
[02:11:49] Block-level synthesis in progress, 55 of 83 jobs complete, 2 jobs running.
[02:12:19] Block-level synthesis in progress, 55 of 83 jobs complete, 8 jobs running.
[02:12:50] Block-level synthesis in progress, 55 of 83 jobs complete, 8 jobs running.
[02:13:21] Block-level synthesis in progress, 55 of 83 jobs complete, 8 jobs running.
[02:13:52] Block-level synthesis in progress, 55 of 83 jobs complete, 8 jobs running.
[02:14:23] Block-level synthesis in progress, 55 of 83 jobs complete, 8 jobs running.
[02:14:54] Block-level synthesis in progress, 57 of 83 jobs complete, 6 jobs running.
[02:15:24] Block-level synthesis in progress, 61 of 83 jobs complete, 3 jobs running.
[02:15:55] Block-level synthesis in progress, 64 of 83 jobs complete, 7 jobs running.
[02:16:26] Block-level synthesis in progress, 65 of 83 jobs complete, 7 jobs running.
[02:16:57] Block-level synthesis in progress, 65 of 83 jobs complete, 8 jobs running.
[02:17:28] Block-level synthesis in progress, 65 of 83 jobs complete, 8 jobs running.
[02:17:59] Block-level synthesis in progress, 65 of 83 jobs complete, 8 jobs running.
[02:18:30] Block-level synthesis in progress, 66 of 83 jobs complete, 7 jobs running.
[02:19:01] Block-level synthesis in progress, 68 of 83 jobs complete, 6 jobs running.
[02:19:32] Block-level synthesis in progress, 70 of 83 jobs complete, 6 jobs running.
[02:20:03] Block-level synthesis in progress, 75 of 83 jobs complete, 3 jobs running.
[02:20:33] Block-level synthesis in progress, 81 of 83 jobs complete, 2 jobs running.
[02:21:05] Block-level synthesis in progress, 81 of 83 jobs complete, 2 jobs running.
[02:21:35] Block-level synthesis in progress, 81 of 83 jobs complete, 2 jobs running.
[02:22:06] Block-level synthesis in progress, 81 of 83 jobs complete, 2 jobs running.
[02:22:37] Block-level synthesis in progress, 82 of 83 jobs complete, 1 job running.
[02:23:08] Block-level synthesis in progress, 82 of 83 jobs complete, 1 job running.
[02:23:39] Block-level synthesis in progress, 82 of 83 jobs complete, 1 job running.
[02:24:10] Block-level synthesis in progress, 82 of 83 jobs complete, 1 job running.
[02:24:41] Block-level synthesis in progress, 82 of 83 jobs complete, 1 job running.
[02:25:12] Block-level synthesis in progress, 82 of 83 jobs complete, 1 job running.
[02:25:43] Block-level synthesis in progress, 82 of 83 jobs complete, 1 job running.
[02:26:14] Block-level synthesis in progress, 82 of 83 jobs complete, 1 job running.
[02:26:45] Block-level synthesis in progress, 82 of 83 jobs complete, 1 job running.
[02:27:16] Block-level synthesis in progress, 82 of 83 jobs complete, 1 job running.
[02:27:47] Block-level synthesis in progress, 82 of 83 jobs complete, 1 job running.
[02:28:18] Block-level synthesis in progress, 82 of 83 jobs complete, 1 job running.
[02:28:49] Block-level synthesis in progress, 82 of 83 jobs complete, 1 job running.
[02:29:20] Block-level synthesis in progress, 82 of 83 jobs complete, 1 job running.
[02:29:51] Block-level synthesis in progress, 82 of 83 jobs complete, 1 job running.
[02:30:22] Block-level synthesis in progress, 82 of 83 jobs complete, 1 job running.
[02:30:53] Block-level synthesis in progress, 82 of 83 jobs complete, 1 job running.
[02:31:24] Block-level synthesis in progress, 82 of 83 jobs complete, 1 job running.
[02:31:55] Block-level synthesis in progress, 82 of 83 jobs complete, 1 job running.
[02:32:26] Block-level synthesis in progress, 82 of 83 jobs complete, 1 job running.
[02:32:57] Block-level synthesis in progress, 82 of 83 jobs complete, 1 job running.
[02:33:28] Block-level synthesis in progress, 82 of 83 jobs complete, 1 job running.
[02:33:59] Block-level synthesis in progress, 82 of 83 jobs complete, 1 job running.
[02:34:30] Block-level synthesis in progress, 82 of 83 jobs complete, 1 job running.
[02:35:01] Block-level synthesis in progress, 82 of 83 jobs complete, 1 job running.
[02:35:32] Block-level synthesis in progress, 82 of 83 jobs complete, 1 job running.
[02:36:03] Block-level synthesis in progress, 82 of 83 jobs complete, 1 job running.
[02:36:34] Block-level synthesis in progress, 82 of 83 jobs complete, 1 job running.
[02:37:05] Block-level synthesis in progress, 82 of 83 jobs complete, 1 job running.
[02:37:36] Block-level synthesis in progress, 82 of 83 jobs complete, 1 job running.
[02:38:07] Block-level synthesis in progress, 82 of 83 jobs complete, 1 job running.
[02:38:38] Block-level synthesis in progress, 82 of 83 jobs complete, 1 job running.
[02:39:09] Block-level synthesis in progress, 82 of 83 jobs complete, 1 job running.
[02:39:40] Block-level synthesis in progress, 82 of 83 jobs complete, 1 job running.
[02:40:11] Block-level synthesis in progress, 82 of 83 jobs complete, 1 job running.
[02:40:42] Block-level synthesis in progress, 82 of 83 jobs complete, 1 job running.
[02:41:13] Block-level synthesis in progress, 82 of 83 jobs complete, 1 job running.
[02:41:44] Block-level synthesis in progress, 82 of 83 jobs complete, 1 job running.
[02:42:15] Block-level synthesis in progress, 82 of 83 jobs complete, 1 job running.
[02:42:46] Block-level synthesis in progress, 82 of 83 jobs complete, 1 job running.
[02:43:17] Block-level synthesis in progress, 82 of 83 jobs complete, 1 job running.
[02:43:48] Block-level synthesis in progress, 82 of 83 jobs complete, 1 job running.
[02:44:19] Block-level synthesis in progress, 82 of 83 jobs complete, 1 job running.
[02:44:50] Block-level synthesis in progress, 82 of 83 jobs complete, 1 job running.
[02:45:21] Block-level synthesis in progress, 82 of 83 jobs complete, 1 job running.
[02:45:52] Block-level synthesis in progress, 82 of 83 jobs complete, 1 job running.
[02:46:23] Block-level synthesis in progress, 82 of 83 jobs complete, 1 job running.
[02:46:54] Block-level synthesis in progress, 82 of 83 jobs complete, 1 job running.
[02:47:25] Block-level synthesis in progress, 82 of 83 jobs complete, 1 job running.
[02:47:55] Block-level synthesis in progress, 82 of 83 jobs complete, 1 job running.
[02:48:26] Block-level synthesis in progress, 82 of 83 jobs complete, 1 job running.
[02:48:57] Block-level synthesis in progress, 82 of 83 jobs complete, 1 job running.
[02:49:28] Block-level synthesis in progress, 82 of 83 jobs complete, 1 job running.
[02:49:59] Block-level synthesis in progress, 82 of 83 jobs complete, 1 job running.
[02:50:30] Block-level synthesis in progress, 82 of 83 jobs complete, 1 job running.
[02:51:01] Block-level synthesis in progress, 82 of 83 jobs complete, 1 job running.
[02:51:32] Block-level synthesis in progress, 82 of 83 jobs complete, 1 job running.
[02:52:03] Block-level synthesis in progress, 82 of 83 jobs complete, 1 job running.
[02:52:34] Block-level synthesis in progress, 82 of 83 jobs complete, 1 job running.
[02:53:05] Block-level synthesis in progress, 82 of 83 jobs complete, 1 job running.
[02:53:36] Block-level synthesis in progress, 82 of 83 jobs complete, 1 job running.
[02:54:07] Block-level synthesis in progress, 82 of 83 jobs complete, 1 job running.
[02:54:38] Block-level synthesis in progress, 82 of 83 jobs complete, 1 job running.
[02:55:09] Block-level synthesis in progress, 82 of 83 jobs complete, 1 job running.
[02:55:40] Block-level synthesis in progress, 82 of 83 jobs complete, 1 job running.
[02:56:11] Block-level synthesis in progress, 82 of 83 jobs complete, 1 job running.
[02:56:42] Block-level synthesis in progress, 82 of 83 jobs complete, 1 job running.
[02:57:13] Block-level synthesis in progress, 82 of 83 jobs complete, 1 job running.
[02:57:44] Block-level synthesis in progress, 82 of 83 jobs complete, 1 job running.
[02:58:16] Block-level synthesis in progress, 82 of 83 jobs complete, 1 job running.
[02:58:47] Block-level synthesis in progress, 82 of 83 jobs complete, 1 job running.
[02:59:18] Block-level synthesis in progress, 82 of 83 jobs complete, 1 job running.
[02:59:49] Block-level synthesis in progress, 82 of 83 jobs complete, 1 job running.
[03:00:21] Block-level synthesis in progress, 82 of 83 jobs complete, 1 job running.
[03:00:52] Block-level synthesis in progress, 82 of 83 jobs complete, 1 job running.
[03:01:23] Block-level synthesis in progress, 82 of 83 jobs complete, 1 job running.
[03:01:54] Block-level synthesis in progress, 82 of 83 jobs complete, 1 job running.
[03:02:26] Block-level synthesis in progress, 82 of 83 jobs complete, 1 job running.
[03:02:57] Block-level synthesis in progress, 82 of 83 jobs complete, 1 job running.
[03:03:28] Block-level synthesis in progress, 82 of 83 jobs complete, 1 job running.
[03:03:59] Block-level synthesis in progress, 82 of 83 jobs complete, 1 job running.
[03:04:31] Block-level synthesis in progress, 82 of 83 jobs complete, 1 job running.
[03:05:02] Block-level synthesis in progress, 82 of 83 jobs complete, 1 job running.
[03:05:33] Block-level synthesis in progress, 82 of 83 jobs complete, 1 job running.
[03:06:05] Block-level synthesis in progress, 82 of 83 jobs complete, 1 job running.
[03:06:36] Block-level synthesis in progress, 82 of 83 jobs complete, 1 job running.
[03:07:07] Block-level synthesis in progress, 82 of 83 jobs complete, 1 job running.
[03:07:38] Block-level synthesis in progress, 82 of 83 jobs complete, 1 job running.
[03:08:10] Block-level synthesis in progress, 82 of 83 jobs complete, 1 job running.
[03:08:41] Block-level synthesis in progress, 82 of 83 jobs complete, 1 job running.
[03:09:12] Block-level synthesis in progress, 82 of 83 jobs complete, 1 job running.
[03:09:43] Block-level synthesis in progress, 82 of 83 jobs complete, 1 job running.
[03:10:15] Block-level synthesis in progress, 82 of 83 jobs complete, 1 job running.
[03:10:46] Block-level synthesis in progress, 82 of 83 jobs complete, 1 job running.
[03:11:17] Block-level synthesis in progress, 82 of 83 jobs complete, 1 job running.
[03:11:49] Block-level synthesis in progress, 82 of 83 jobs complete, 1 job running.
[03:12:20] Block-level synthesis in progress, 82 of 83 jobs complete, 1 job running.
[03:12:51] Block-level synthesis in progress, 82 of 83 jobs complete, 1 job running.
[03:13:22] Block-level synthesis in progress, 82 of 83 jobs complete, 1 job running.
[03:13:54] Block-level synthesis in progress, 82 of 83 jobs complete, 1 job running.
[03:14:25] Block-level synthesis in progress, 82 of 83 jobs complete, 1 job running.
[03:14:56] Block-level synthesis in progress, 82 of 83 jobs complete, 1 job running.
[03:15:27] Block-level synthesis in progress, 82 of 83 jobs complete, 1 job running.
[03:15:59] Block-level synthesis in progress, 82 of 83 jobs complete, 1 job running.
[03:16:30] Block-level synthesis in progress, 82 of 83 jobs complete, 1 job running.
[03:17:01] Block-level synthesis in progress, 82 of 83 jobs complete, 1 job running.
[03:17:32] Block-level synthesis in progress, 82 of 83 jobs complete, 1 job running.
[03:18:04] Block-level synthesis in progress, 82 of 83 jobs complete, 1 job running.
[03:18:35] Block-level synthesis in progress, 82 of 83 jobs complete, 1 job running.
[03:19:06] Block-level synthesis in progress, 82 of 83 jobs complete, 1 job running.
[03:19:37] Block-level synthesis in progress, 82 of 83 jobs complete, 1 job running.
[03:20:09] Block-level synthesis in progress, 82 of 83 jobs complete, 1 job running.
[03:20:40] Block-level synthesis in progress, 82 of 83 jobs complete, 1 job running.
[03:21:11] Block-level synthesis in progress, 82 of 83 jobs complete, 1 job running.
[03:21:42] Block-level synthesis in progress, 82 of 83 jobs complete, 1 job running.
[03:22:13] Block-level synthesis in progress, 82 of 83 jobs complete, 1 job running.
[03:22:45] Block-level synthesis in progress, 82 of 83 jobs complete, 1 job running.
[03:23:16] Block-level synthesis in progress, 82 of 83 jobs complete, 1 job running.
[03:23:47] Block-level synthesis in progress, 82 of 83 jobs complete, 1 job running.
[03:24:19] Block-level synthesis in progress, 82 of 83 jobs complete, 1 job running.
[03:24:50] Block-level synthesis in progress, 82 of 83 jobs complete, 1 job running.
[03:25:21] Block-level synthesis in progress, 82 of 83 jobs complete, 1 job running.
[03:25:52] Block-level synthesis in progress, 82 of 83 jobs complete, 1 job running.
[03:26:24] Block-level synthesis in progress, 82 of 83 jobs complete, 1 job running.
[03:26:55] Block-level synthesis in progress, 82 of 83 jobs complete, 1 job running.
[03:27:26] Block-level synthesis in progress, 82 of 83 jobs complete, 1 job running.
[03:27:57] Block-level synthesis in progress, 82 of 83 jobs complete, 1 job running.
[03:28:28] Block-level synthesis in progress, 82 of 83 jobs complete, 1 job running.
[03:29:00] Block-level synthesis in progress, 82 of 83 jobs complete, 1 job running.
[03:29:31] Block-level synthesis in progress, 82 of 83 jobs complete, 1 job running.
[03:30:02] Block-level synthesis in progress, 82 of 83 jobs complete, 1 job running.
[03:30:33] Block-level synthesis in progress, 82 of 83 jobs complete, 1 job running.
[03:31:04] Block-level synthesis in progress, 82 of 83 jobs complete, 1 job running.
[03:31:36] Block-level synthesis in progress, 82 of 83 jobs complete, 1 job running.
[03:32:07] Block-level synthesis in progress, 82 of 83 jobs complete, 1 job running.
[03:32:38] Block-level synthesis in progress, 82 of 83 jobs complete, 1 job running.
[03:33:10] Block-level synthesis in progress, 82 of 83 jobs complete, 1 job running.
[03:33:41] Block-level synthesis in progress, 82 of 83 jobs complete, 1 job running.
[03:34:12] Block-level synthesis in progress, 82 of 83 jobs complete, 1 job running.
[03:34:43] Block-level synthesis in progress, 82 of 83 jobs complete, 1 job running.
[03:35:15] Block-level synthesis in progress, 82 of 83 jobs complete, 1 job running.
[03:35:46] Block-level synthesis in progress, 82 of 83 jobs complete, 1 job running.
[03:36:17] Block-level synthesis in progress, 82 of 83 jobs complete, 1 job running.
[03:36:48] Block-level synthesis in progress, 82 of 83 jobs complete, 1 job running.
[03:37:20] Block-level synthesis in progress, 82 of 83 jobs complete, 1 job running.
[03:37:51] Block-level synthesis in progress, 82 of 83 jobs complete, 1 job running.
[03:38:22] Block-level synthesis in progress, 82 of 83 jobs complete, 1 job running.
[03:38:53] Block-level synthesis in progress, 82 of 83 jobs complete, 1 job running.
[03:39:25] Block-level synthesis in progress, 82 of 83 jobs complete, 1 job running.
[03:39:56] Block-level synthesis in progress, 82 of 83 jobs complete, 1 job running.
[03:40:27] Block-level synthesis in progress, 82 of 83 jobs complete, 1 job running.
[03:40:58] Block-level synthesis in progress, 82 of 83 jobs complete, 1 job running.
[03:41:30] Block-level synthesis in progress, 82 of 83 jobs complete, 1 job running.
[03:42:01] Block-level synthesis in progress, 82 of 83 jobs complete, 1 job running.
[03:42:32] Block-level synthesis in progress, 82 of 83 jobs complete, 1 job running.
[03:43:03] Block-level synthesis in progress, 82 of 83 jobs complete, 1 job running.
[03:43:35] Block-level synthesis in progress, 82 of 83 jobs complete, 1 job running.
[03:44:06] Block-level synthesis in progress, 82 of 83 jobs complete, 1 job running.
[03:44:37] Block-level synthesis in progress, 82 of 83 jobs complete, 1 job running.
[03:45:09] Block-level synthesis in progress, 82 of 83 jobs complete, 1 job running.
[03:45:40] Block-level synthesis in progress, 82 of 83 jobs complete, 1 job running.
[03:46:11] Block-level synthesis in progress, 82 of 83 jobs complete, 1 job running.
[03:46:42] Block-level synthesis in progress, 82 of 83 jobs complete, 1 job running.
[03:47:14] Block-level synthesis in progress, 82 of 83 jobs complete, 1 job running.
[03:47:45] Block-level synthesis in progress, 82 of 83 jobs complete, 1 job running.
[03:48:16] Block-level synthesis in progress, 82 of 83 jobs complete, 1 job running.
[03:48:48] Block-level synthesis in progress, 82 of 83 jobs complete, 1 job running.
[03:49:19] Block-level synthesis in progress, 82 of 83 jobs complete, 1 job running.
[03:49:51] Block-level synthesis in progress, 82 of 83 jobs complete, 1 job running.
[03:50:22] Block-level synthesis in progress, 82 of 83 jobs complete, 1 job running.
[03:50:54] Block-level synthesis in progress, 82 of 83 jobs complete, 1 job running.
[03:51:25] Block-level synthesis in progress, 82 of 83 jobs complete, 1 job running.
[03:51:56] Block-level synthesis in progress, 82 of 83 jobs complete, 1 job running.
[03:52:28] Block-level synthesis in progress, 82 of 83 jobs complete, 1 job running.
[03:52:59] Block-level synthesis in progress, 82 of 83 jobs complete, 1 job running.
[03:53:31] Block-level synthesis in progress, 82 of 83 jobs complete, 1 job running.
[03:54:02] Block-level synthesis in progress, 82 of 83 jobs complete, 1 job running.
[03:54:33] Block-level synthesis in progress, 82 of 83 jobs complete, 1 job running.
[03:55:05] Block-level synthesis in progress, 82 of 83 jobs complete, 1 job running.
[03:55:36] Block-level synthesis in progress, 82 of 83 jobs complete, 1 job running.
[03:56:07] Block-level synthesis in progress, 82 of 83 jobs complete, 1 job running.
[03:56:39] Block-level synthesis in progress, 82 of 83 jobs complete, 1 job running.
[03:57:10] Block-level synthesis in progress, 82 of 83 jobs complete, 1 job running.
[03:57:41] Block-level synthesis in progress, 82 of 83 jobs complete, 1 job running.
[03:58:13] Block-level synthesis in progress, 82 of 83 jobs complete, 1 job running.
[03:58:44] Block-level synthesis in progress, 82 of 83 jobs complete, 1 job running.
[03:59:16] Block-level synthesis in progress, 82 of 83 jobs complete, 1 job running.
[03:59:47] Block-level synthesis in progress, 82 of 83 jobs complete, 1 job running.
[04:00:18] Block-level synthesis in progress, 82 of 83 jobs complete, 1 job running.
[04:00:50] Block-level synthesis in progress, 82 of 83 jobs complete, 1 job running.
[04:01:21] Block-level synthesis in progress, 82 of 83 jobs complete, 1 job running.
[04:01:53] Block-level synthesis in progress, 82 of 83 jobs complete, 1 job running.
[04:02:24] Block-level synthesis in progress, 82 of 83 jobs complete, 1 job running.
[04:02:55] Block-level synthesis in progress, 82 of 83 jobs complete, 1 job running.
[04:03:27] Block-level synthesis in progress, 82 of 83 jobs complete, 1 job running.
[04:03:58] Block-level synthesis in progress, 82 of 83 jobs complete, 1 job running.
[04:04:30] Block-level synthesis in progress, 82 of 83 jobs complete, 1 job running.
[04:05:01] Block-level synthesis in progress, 82 of 83 jobs complete, 1 job running.
[04:05:32] Block-level synthesis in progress, 82 of 83 jobs complete, 1 job running.
[04:06:04] Block-level synthesis in progress, 82 of 83 jobs complete, 1 job running.
[04:06:35] Block-level synthesis in progress, 82 of 83 jobs complete, 1 job running.
[04:07:07] Block-level synthesis in progress, 82 of 83 jobs complete, 1 job running.
[04:07:38] Block-level synthesis in progress, 82 of 83 jobs complete, 1 job running.
[04:08:10] Block-level synthesis in progress, 82 of 83 jobs complete, 1 job running.
[04:08:41] Block-level synthesis in progress, 82 of 83 jobs complete, 1 job running.
[04:09:12] Block-level synthesis in progress, 82 of 83 jobs complete, 1 job running.
[04:09:44] Block-level synthesis in progress, 82 of 83 jobs complete, 1 job running.
[04:10:15] Block-level synthesis in progress, 82 of 83 jobs complete, 1 job running.
[04:10:47] Block-level synthesis in progress, 82 of 83 jobs complete, 1 job running.
[04:11:18] Block-level synthesis in progress, 82 of 83 jobs complete, 1 job running.
[04:11:49] Block-level synthesis in progress, 82 of 83 jobs complete, 1 job running.
[04:12:21] Block-level synthesis in progress, 82 of 83 jobs complete, 1 job running.
[04:12:52] Block-level synthesis in progress, 82 of 83 jobs complete, 1 job running.
[04:13:24] Block-level synthesis in progress, 82 of 83 jobs complete, 1 job running.
[04:13:55] Block-level synthesis in progress, 82 of 83 jobs complete, 1 job running.
[04:14:26] Block-level synthesis in progress, 82 of 83 jobs complete, 1 job running.
[04:14:58] Block-level synthesis in progress, 82 of 83 jobs complete, 1 job running.
[04:15:29] Block-level synthesis in progress, 82 of 83 jobs complete, 1 job running.
[04:16:00] Block-level synthesis in progress, 82 of 83 jobs complete, 1 job running.
[04:16:32] Block-level synthesis in progress, 82 of 83 jobs complete, 1 job running.
[04:17:03] Block-level synthesis in progress, 82 of 83 jobs complete, 1 job running.
[04:17:35] Block-level synthesis in progress, 82 of 83 jobs complete, 1 job running.
[04:18:06] Block-level synthesis in progress, 82 of 83 jobs complete, 1 job running.
[04:18:37] Block-level synthesis in progress, 82 of 83 jobs complete, 1 job running.
[04:19:09] Block-level synthesis in progress, 82 of 83 jobs complete, 1 job running.
[04:19:40] Block-level synthesis in progress, 82 of 83 jobs complete, 1 job running.
[04:20:12] Block-level synthesis in progress, 82 of 83 jobs complete, 1 job running.
[04:20:43] Block-level synthesis in progress, 82 of 83 jobs complete, 1 job running.
[04:21:15] Block-level synthesis in progress, 82 of 83 jobs complete, 1 job running.
[04:21:46] Block-level synthesis in progress, 82 of 83 jobs complete, 1 job running.
[04:22:17] Block-level synthesis in progress, 82 of 83 jobs complete, 1 job running.
[04:22:49] Block-level synthesis in progress, 82 of 83 jobs complete, 1 job running.
[04:23:20] Block-level synthesis in progress, 82 of 83 jobs complete, 1 job running.
[04:23:52] Block-level synthesis in progress, 82 of 83 jobs complete, 1 job running.
[04:24:23] Block-level synthesis in progress, 82 of 83 jobs complete, 1 job running.
[04:24:54] Block-level synthesis in progress, 82 of 83 jobs complete, 1 job running.
[04:25:26] Block-level synthesis in progress, 82 of 83 jobs complete, 1 job running.
[04:25:57] Block-level synthesis in progress, 82 of 83 jobs complete, 1 job running.
[04:26:28] Block-level synthesis in progress, 82 of 83 jobs complete, 1 job running.
[04:27:00] Block-level synthesis in progress, 82 of 83 jobs complete, 1 job running.
[04:27:31] Block-level synthesis in progress, 82 of 83 jobs complete, 1 job running.
[04:28:03] Block-level synthesis in progress, 82 of 83 jobs complete, 1 job running.
[04:28:34] Block-level synthesis in progress, 82 of 83 jobs complete, 1 job running.
[04:29:05] Block-level synthesis in progress, 82 of 83 jobs complete, 1 job running.
[04:29:37] Block-level synthesis in progress, 82 of 83 jobs complete, 1 job running.
[04:30:08] Block-level synthesis in progress, 82 of 83 jobs complete, 1 job running.
[04:30:40] Block-level synthesis in progress, 82 of 83 jobs complete, 1 job running.
[04:31:11] Block-level synthesis in progress, 82 of 83 jobs complete, 1 job running.
[04:31:42] Block-level synthesis in progress, 82 of 83 jobs complete, 1 job running.
[04:32:14] Block-level synthesis in progress, 82 of 83 jobs complete, 1 job running.
[04:32:45] Block-level synthesis in progress, 82 of 83 jobs complete, 1 job running.
[04:33:17] Block-level synthesis in progress, 82 of 83 jobs complete, 1 job running.
[04:33:48] Block-level synthesis in progress, 82 of 83 jobs complete, 1 job running.
[04:34:20] Block-level synthesis in progress, 82 of 83 jobs complete, 1 job running.
[04:34:51] Block-level synthesis in progress, 82 of 83 jobs complete, 1 job running.
[04:35:22] Block-level synthesis in progress, 82 of 83 jobs complete, 1 job running.
[04:35:54] Block-level synthesis in progress, 82 of 83 jobs complete, 1 job running.
[04:36:25] Block-level synthesis in progress, 82 of 83 jobs complete, 1 job running.
[04:36:57] Block-level synthesis in progress, 82 of 83 jobs complete, 1 job running.
[04:37:28] Block-level synthesis in progress, 82 of 83 jobs complete, 1 job running.
[04:37:59] Block-level synthesis in progress, 82 of 83 jobs complete, 1 job running.
[04:38:31] Block-level synthesis in progress, 82 of 83 jobs complete, 1 job running.
[04:39:02] Block-level synthesis in progress, 82 of 83 jobs complete, 1 job running.
[04:39:34] Block-level synthesis in progress, 82 of 83 jobs complete, 1 job running.
[04:40:05] Block-level synthesis in progress, 82 of 83 jobs complete, 1 job running.
[04:40:36] Block-level synthesis in progress, 82 of 83 jobs complete, 1 job running.
[04:41:08] Block-level synthesis in progress, 82 of 83 jobs complete, 1 job running.
[04:41:39] Block-level synthesis in progress, 82 of 83 jobs complete, 1 job running.
[04:42:11] Block-level synthesis in progress, 82 of 83 jobs complete, 1 job running.
[04:42:42] Block-level synthesis in progress, 82 of 83 jobs complete, 1 job running.
[04:43:13] Block-level synthesis in progress, 82 of 83 jobs complete, 1 job running.
[04:43:45] Block-level synthesis in progress, 82 of 83 jobs complete, 1 job running.
[04:44:16] Block-level synthesis in progress, 82 of 83 jobs complete, 1 job running.
[04:44:48] Block-level synthesis in progress, 82 of 83 jobs complete, 1 job running.
[04:45:19] Block-level synthesis in progress, 82 of 83 jobs complete, 1 job running.
[04:45:51] Block-level synthesis in progress, 82 of 83 jobs complete, 1 job running.
[04:46:22] Block-level synthesis in progress, 82 of 83 jobs complete, 1 job running.
[04:46:54] Block-level synthesis in progress, 82 of 83 jobs complete, 1 job running.
[04:47:25] Block-level synthesis in progress, 82 of 83 jobs complete, 1 job running.
[04:47:57] Block-level synthesis in progress, 82 of 83 jobs complete, 1 job running.
[04:48:28] Block-level synthesis in progress, 82 of 83 jobs complete, 1 job running.
[04:49:00] Block-level synthesis in progress, 82 of 83 jobs complete, 1 job running.
[04:49:31] Block-level synthesis in progress, 82 of 83 jobs complete, 1 job running.
[04:50:03] Block-level synthesis in progress, 82 of 83 jobs complete, 1 job running.
[04:50:34] Block-level synthesis in progress, 82 of 83 jobs complete, 1 job running.
[04:51:06] Block-level synthesis in progress, 82 of 83 jobs complete, 1 job running.
[04:51:37] Block-level synthesis in progress, 82 of 83 jobs complete, 1 job running.
[04:52:09] Block-level synthesis in progress, 82 of 83 jobs complete, 1 job running.
[04:52:40] Block-level synthesis in progress, 82 of 83 jobs complete, 1 job running.
[04:53:11] Block-level synthesis in progress, 82 of 83 jobs complete, 1 job running.
[04:53:43] Block-level synthesis in progress, 82 of 83 jobs complete, 1 job running.
[04:54:14] Block-level synthesis in progress, 82 of 83 jobs complete, 1 job running.
[04:54:46] Block-level synthesis in progress, 82 of 83 jobs complete, 1 job running.
[04:55:18] Block-level synthesis in progress, 82 of 83 jobs complete, 1 job running.
[04:55:49] Block-level synthesis in progress, 82 of 83 jobs complete, 1 job running.
[04:56:21] Block-level synthesis in progress, 82 of 83 jobs complete, 1 job running.
[04:56:53] Block-level synthesis in progress, 82 of 83 jobs complete, 1 job running.
[04:57:25] Block-level synthesis in progress, 82 of 83 jobs complete, 1 job running.
[04:57:56] Block-level synthesis in progress, 82 of 83 jobs complete, 1 job running.
[04:58:28] Block-level synthesis in progress, 82 of 83 jobs complete, 1 job running.
[04:58:59] Block-level synthesis in progress, 82 of 83 jobs complete, 1 job running.
[04:59:31] Block-level synthesis in progress, 82 of 83 jobs complete, 1 job running.
[05:00:02] Block-level synthesis in progress, 82 of 83 jobs complete, 1 job running.
[05:00:34] Block-level synthesis in progress, 82 of 83 jobs complete, 1 job running.
[05:01:06] Block-level synthesis in progress, 82 of 83 jobs complete, 1 job running.
[05:01:37] Block-level synthesis in progress, 82 of 83 jobs complete, 1 job running.
[05:02:09] Block-level synthesis in progress, 82 of 83 jobs complete, 1 job running.
[05:02:40] Block-level synthesis in progress, 82 of 83 jobs complete, 1 job running.
[05:03:12] Block-level synthesis in progress, 82 of 83 jobs complete, 1 job running.
[05:03:44] Block-level synthesis in progress, 82 of 83 jobs complete, 1 job running.
[05:04:16] Block-level synthesis in progress, 82 of 83 jobs complete, 1 job running.
[05:04:47] Block-level synthesis in progress, 82 of 83 jobs complete, 1 job running.
[05:05:19] Block-level synthesis in progress, 82 of 83 jobs complete, 1 job running.
[05:05:50] Block-level synthesis in progress, 82 of 83 jobs complete, 1 job running.
[05:06:22] Block-level synthesis in progress, 83 of 83 jobs complete, 0 jobs running.
[05:06:53] Top-level synthesis in progress.
[05:07:25] Top-level synthesis in progress.
[05:07:57] Top-level synthesis in progress.
[05:08:28] Top-level synthesis in progress.
[05:09:00] Top-level synthesis in progress.
[05:09:31] Top-level synthesis in progress.
[05:10:03] Top-level synthesis in progress.
[05:10:34] Top-level synthesis in progress.
[05:11:06] Top-level synthesis in progress.
[05:11:37] Top-level synthesis in progress.
[05:12:09] Top-level synthesis in progress.
[05:12:25] Run vpl: Step synth: Completed
[05:12:25] Run vpl: Step impl: Started
[05:32:22] Finished 2nd of 6 tasks (FPGA linking synthesized kernels to platform). Elapsed time: 03h 49m 23s 

[05:32:22] Starting logic optimization..
[05:32:53] Phase 1 Generate And Synthesize MIG Cores
[05:44:26] Phase 2 Generate And Synthesize Debug Cores
[05:53:21] Phase 3 Retarget
[05:53:52] Phase 4 Constant propagation
[05:54:24] Phase 5 Sweep
[05:55:26] Phase 6 BUFG optimization
[05:56:29] Phase 7 Shift Register Optimization
[05:56:29] Phase 8 Post Processing Netlist
[06:00:42] Finished 3rd of 6 tasks (FPGA logic optimization). Elapsed time: 00h 28m 20s 

[06:00:42] Starting logic placement..
[06:02:16] Phase 1 Placer Initialization
[06:02:16] Phase 1.1 Placer Initialization Netlist Sorting
[06:05:25] Phase 1.2 IO Placement/ Clock Placement/ Build Placer Device
[06:09:37] Phase 1.3 Build Placer Netlist Model
[06:14:52] Phase 1.4 Constrain Clocks/Macros
[06:16:26] Phase 2 Global Placement
[06:16:26] Phase 2.1 Floorplanning
[06:29:04] Phase 2.2 Global Placement Core
[06:48:34] Phase 2.2.1 Physical Synthesis In Placer
[06:55:58] Phase 3 Detail Placement
[06:55:58] Phase 3.1 Commit Multi Column Macros
[06:55:58] Phase 3.2 Commit Most Macros & LUTRAMs
[06:57:02] Phase 3.3 Area Swap Optimization
[06:59:08] Phase 3.4 Pipeline Register Optimization
[06:59:08] Phase 3.5 IO Cut Optimizer
[06:59:08] Phase 3.6 Fast Optimization
[07:00:43] Phase 3.7 Small Shape DP
[07:00:43] Phase 3.7.1 Small Shape Clustering
[07:06:32] Phase 3.7.2 Flow Legalize Slice Clusters
[07:07:03] Phase 3.7.3 Slice Area Swap
[07:09:09] Phase 3.7.4 Commit Slice Clusters
[07:10:45] Phase 3.8 Place Remaining
[07:10:45] Phase 3.9 Re-assign LUT pins
[07:12:51] Phase 3.10 Pipeline Register Optimization
[07:12:51] Phase 3.11 Fast Optimization
[07:17:36] Phase 4 Post Placement Optimization and Clean-Up
[07:17:36] Phase 4.1 Post Commit Optimization
[07:20:46] Phase 4.1.1 Post Placement Optimization
[07:20:46] Phase 4.1.1.1 BUFG Insertion
[07:29:44] Phase 4.1.1.2 BUFG Replication
[07:30:48] Phase 4.1.1.3 Replication
[07:31:19] Phase 4.2 Post Placement Cleanup
[07:33:58] Phase 4.3 Placer Reporting
[07:33:58] Phase 4.4 Final Placement Cleanup
[07:47:40] Finished 4th of 6 tasks (FPGA logic placement). Elapsed time: 01h 46m 58s 

[07:47:40] Starting logic routing..
[07:49:15] Phase 1 Build RT Design
[08:02:57] Phase 2 Router Initialization
[08:02:57] Phase 2.1 Create Timer
[08:03:29] Phase 2.2 Fix Topology Constraints
[08:04:00] Phase 2.3 Pre Route Cleanup
[08:05:04] Phase 2.4 Global Clock Net Routing
[08:06:39] Phase 2.5 Update Timing
[08:14:02] Phase 2.6 Update Timing for Bus Skew
[08:14:02] Phase 2.6.1 Update Timing
[08:17:12] Phase 3 Initial Routing
[08:17:12] Phase 3.1 Global Routing
[08:29:52] Phase 4 Rip-up And Reroute
[08:29:52] Phase 4.1 Global Iteration 0
[10:05:55] Phase 4.2 Global Iteration 1
[12:05:25] Phase 4.3 Global Iteration 2
[13:33:26] Phase 4.4 Additional Iteration for Hold
[13:33:58] Phase 4.4.1 Global Iteration for Hold
[13:33:58] Phase 4.4.1.1 Update Timing
[13:35:32] Phase 4.4.1.2 Fast Budgeting
[13:38:10] Phase 4.4.1.3 Lut RouteThru Assignment for hold
[13:49:13] Phase 4.4.1.4 Update Timing
[13:52:23] Phase 5 Delay and Skew Optimization
[13:52:23] Phase 5.1 Delay CleanUp
[13:52:23] Phase 5.1.1 Update Timing
[13:55:01] Phase 5.1.2 Update Timing
[13:57:39] Phase 5.2 Clock Skew Optimization
[13:58:42] Phase 6 Post Hold Fix
[13:58:42] Phase 6.1 Hold Fix Iter
[13:59:14] Phase 6.1.1 Update Timing
[14:02:23] Phase 7 Leaf Clock Prog Delay Opt
[14:08:43] Phase 7.1 Delay CleanUp
[14:08:43] Phase 7.1.1 Update Timing
[14:10:49] Phase 7.1.2 Update Timing
[14:13:27] Phase 7.2 Hold Fix Iter
[14:13:59] Phase 7.2.1 Update Timing
[14:20:18] Phase 8 Route finalize
[14:20:50] Phase 9 Verifying routed nets
[14:21:53] Phase 10 Depositing Routes
[14:23:27] Phase 11 Post Router Timing
[14:26:05] Phase 12 Physical Synthesis in Router
[14:26:05] Phase 12.1 Physical Synthesis Initialization
[14:29:46] Phase 12.2 Critical Path Optimization
[14:31:21] Finished 5th of 6 tasks (FPGA routing). Elapsed time: 06h 43m 41s 

[14:31:21] Starting bitstream generation..
[14:51:59] Run vpl: Step impl: Failed
[14:52:00] Run vpl: FINISHED. Run Status: impl ERROR

===>The following messages were generated while  Compiling (bitstream) accelerator binary: alveo_hls4ml Log file: /storage/local/data2/pharris/hls4ml_c_deepcalo_tmp7_ss_v8_v2/build_dir.hw.xilinx_u250_xdma_201830_2/link/vivado/vpl/prj/prj.runs/impl_1/runme.log  :
ERROR: [VPL-4] design did not meet timing - hold violation
WARNING: [VPL 60-732] Link warning: No monitor points found for BD automation.
ERROR: [VPL 60-704] Integration error, problem implementing dynamic region, route_design ERROR, please look at the run log file '/storage/local/data2/pharris/hls4ml_c_deepcalo_tmp7_ss_v8_v2/build_dir.hw.xilinx_u250_xdma_201830_2/link/vivado/vpl/prj/prj.runs/impl_1/runme.log' for more information
ERROR: [VPL 60-1328] Vpl run 'vpl' failed
ERROR: [VPL 60-806] Failed to finish platform linker
INFO: [v++ 60-1442] [14:52:03] Run run_link: Step vpl: Failed
Time (s): cpu = 00:33:20 ; elapsed = 13:09:06 . Memory (MB): peak = 719.203 ; gain = 0.000 ; free physical = 142134 ; free virtual = 182300
ERROR: [v++ 60-661] v++ link run 'run_link' failed
ERROR: [v++ 60-626] Kernel link failed to complete
ERROR: [v++ 60-703] Failed to finish linking
